<?xml version="1.0" encoding="UTF-8"?>
<!-- Generated by org.testng.reporters.JUnitReportReporter -->
<testsuite hostname="Raghu" name="com.wYne.automation.tests.RecommendationsPageTest" tests="1" failures="0" timestamp="9 Feb 2021 04:34:48 GMT" time="17.502" errors="0">
  <testcase name="verifySelectionOfNewFlowersRecommendations" time="17.502" classname="com.wYne.automation.tests.RecommendationsPageTest"/>
</testsuite> <!-- com.wYne.automation.tests.RecommendationsPageTest -->
