<?xml version="1.0" encoding="UTF-8"?>
<!-- Generated by org.testng.reporters.JUnitReportReporter -->
<testsuite hostname="Raghu" name="com.wYne.automation.tests.NewFlowerSelectionTest" tests="1" failures="0" timestamp="9 Feb 2021 05:52:40 GMT" time="13.047" errors="0">
  <testcase name="verifySelectionOfNewFlowersRecommendations" time="13.047" classname="com.wYne.automation.tests.NewFlowerSelectionTest"/>
</testsuite> <!-- com.wYne.automation.tests.NewFlowerSelectionTest -->
