<?xml version="1.0" encoding="UTF-8"?>
<!-- Generated by org.testng.reporters.JUnitReportReporter -->
<testsuite hostname="Raghu" name="com.wYne.automation.tests.FruitSelectionTest" tests="1" failures="0" timestamp="9 Feb 2021 05:52:40 GMT" time="4.964" errors="0">
  <testcase name="verifySelectionOfFruitRecommendations" time="4.964" classname="com.wYne.automation.tests.FruitSelectionTest"/>
</testsuite> <!-- com.wYne.automation.tests.FruitSelectionTest -->
