<?xml version="1.0" encoding="UTF-8"?>
<!-- Generated by org.testng.reporters.JUnitReportReporter -->
<testsuite hostname="Raghu" name="com.wYne.automation.tests.ScentSelectionTest" tests="1" failures="0" timestamp="9 Feb 2021 05:52:40 GMT" time="16.275" errors="0">
  <testcase name="verifySelectionOfNewFlowersRecommendations" time="16.275" classname="com.wYne.automation.tests.ScentSelectionTest"/>
</testsuite> <!-- com.wYne.automation.tests.ScentSelectionTest -->
