<?xml version="1.0" encoding="UTF-8"?>
<!-- Generated by org.testng.reporters.JUnitReportReporter -->
<testsuite hostname="Raghu" name="com.wYne.automation.tests.FlowerSelectionTest" tests="1" failures="0" timestamp="9 Feb 2021 04:34:48 GMT" time="9.778" errors="0">
  <testcase name="verifySelectionOfFlowersRecommendations" time="9.778" classname="com.wYne.automation.tests.FlowerSelectionTest"/>
</testsuite> <!-- com.wYne.automation.tests.FlowerSelectionTest -->
